<?xml version="1.0" encoding="UTF-8"?>
<!-- Generated by org.testng.reporters.JUnitXMLReporter -->
<testsuite ignored="0" hostname="LAPTOP-4S7TU50V" failures="0" tests="5" name="Demo Test 1" time="0.067" errors="0" timestamp="2023-03-10T15:38:18 EST">
  <testcase classname="annotations.DemoTest1" name="testA" time="0.006"/>
  <testcase classname="annotations.DemoTest1" name="testB" time="0.001"/>
  <testcase classname="annotations.DemoTest2" name="testC" time="0.0"/>
  <testcase classname="annotations.DemoTest3" name="testD" time="0.001"/>
  <testcase classname="annotations.DemoTest3" name="testE" time="0.002"/>
</testsuite> <!-- Demo Test 1 -->
