<?xml version="1.0" encoding="UTF-8"?>
<!-- Generated by org.testng.reporters.JUnitXMLReporter -->
<testsuite ignored="0" hostname="LAPTOP-4S7TU50V" failures="0" tests="3" name="Demo Test" time="0.041" errors="0" timestamp="2023-03-10T14:26:54 EST">
  <testcase classname="annotations.DemoTest1" name="testA" time="0.004"/>
  <testcase classname="annotations.DemoTest1" name="testB" time="0.001"/>
  <testcase classname="annotations.DemoTest2" name="testC" time="0.002"/>
</testsuite> <!-- Demo Test -->
