<?xml version="1.0" encoding="UTF-8"?>
<!-- Generated by org.testng.reporters.JUnitXMLReporter -->
<testsuite ignored="1" hostname="LAPTOP-4S7TU50V" failures="0" tests="2" name="OrangeHRM Tests" time="4.481" errors="0" timestamp="2023-03-10T19:09:39 EST">
  <testcase classname="annotation_attributes_parameters.OrangeHRMTest" name="testLandOnWebPage" time="0.012"/>
  <testcase classname="annotation_attributes_parameters.OrangeHRMTest" name="testLoginWithValidCredentials" time="1.186"/>
  <testcase classname="annotation_attributes_parameters.OrangeHRMTest" name="testNavigatingToAdminPanel" time="0.0">
    <ignored/>
  </testcase> <!-- testNavigatingToAdminPanel -->
</testsuite> <!-- OrangeHRM Tests -->
