<?xml version="1.0" encoding="UTF-8"?>
<!-- Generated by org.testng.reporters.JUnitXMLReporter -->
<testsuite ignored="1" hostname="LAPTOP-4S7TU50V" failures="0" tests="2" name="OrangeHRM Tests2" time="3.825" errors="0" timestamp="2023-03-10T19:08:53 EST">
  <testcase classname="annotation_attributes_parameters.OrangeHRMTest" name="testLandOnWebPage" time="0.003"/>
  <testcase classname="annotation_attributes_parameters.OrangeHRMTest" name="testLoginWithValidCredentials" time="1.196"/>
  <testcase classname="annotation_attributes_parameters.OrangeHRMTest" name="testNavigatingToAdminPanel" time="0.0">
    <ignored/>
  </testcase> <!-- testNavigatingToAdminPanel -->
</testsuite> <!-- OrangeHRM Tests2 -->
