<?xml version="1.0" encoding="UTF-8"?>
<!-- Generated by org.testng.reporters.JUnitXMLReporter -->
<testsuite ignored="1" hostname="LAPTOP-4S7TU50V" failures="0" tests="2" name="OrangeHRM Tests 1" time="4.236" errors="0" timestamp="2023-03-10T20:43:58 EST">
  <testcase classname="annotation_attributes_parameters.OrangeHRMTest" name="testLandOnWebPage" time="0.007"/>
  <testcase classname="annotation_attributes_parameters.OrangeHRMTest" name="testLoginWithValidCredentials" time="1.173"/>
  <testcase classname="annotation_attributes_parameters.OrangeHRMTest" name="testNavigatingToAdminPanel" time="0.0">
    <ignored/>
  </testcase> <!-- testNavigatingToAdminPanel -->
</testsuite> <!-- OrangeHRM Tests 1 -->
