<?xml version="1.0" encoding="UTF-8"?>
<!-- Generated by org.testng.reporters.JUnitXMLReporter -->
<testsuite ignored="1" hostname="LAPTOP-4S7TU50V" failures="1" tests="3" name="Listener Test" time="0.053" errors="0" timestamp="2023-03-13T15:33:24 EDT">
  <testcase classname="testng_listeners.DemoListener" name="testA" time="0.008"/>
  <testcase classname="testng_listeners.DemoListener" name="testB" time="0.001"/>
  <testcase classname="testng_listeners.DemoListener" name="testC" time="0.005">
    <failure type="java.lang.AssertionError" message="expected [true] but found [false]">
      <![CDATA[java.lang.AssertionError: expected [true] but found [false]
at testng_listeners.DemoListener.testC(DemoListener.java:29)
at java.base/java.util.ArrayList.forEach(ArrayList.java:1511)
... Removed 31 stack frames]]>
    </failure>
  </testcase> <!-- testC -->
  <testcase classname="testng_listeners.DemoListener" name="testD" time="0.0">
    <ignored/>
  </testcase> <!-- testD -->
</testsuite> <!-- Listener Test -->
