<?xml version="1.0" encoding="UTF-8"?>
<testng-results ignored="2" total="6" passed="3" failed="1" skipped="0">
  <reporter-output>
  </reporter-output>
  <suite started-at="2023-03-17T17:52:06 EDT" name="OrangeHRM Suite" finished-at="2023-03-17T17:52:27 EDT" duration-ms="20762">
    <groups>
    </groups>
    <test started-at="2023-03-17T17:52:06 EDT" name="OrangeHRM Tests 1" finished-at="2023-03-17T17:52:27 EDT" duration-ms="20762">
      <class name="oranghrm_tests.DashboardTest">
        <test-method is-config="true" signature="setUpMethod()[pri:0, instance:oranghrm_tests.DashboardTest@77847718]" started-at="2023-03-17T17:52:15 EDT" name="setUpMethod" finished-at="2023-03-17T17:52:17 EDT" duration-ms="2341" status="PASS">
          <reporter-output>
          </reporter-output>
        </test-method> <!-- setUpMethod -->
        <test-method signature="testLeaveRequestsToApprove()[pri:0, instance:oranghrm_tests.DashboardTest@77847718]" started-at="2023-03-17T17:52:17 EDT" name="testLeaveRequestsToApprove" finished-at="2023-03-17T17:52:20 EDT" duration-ms="3271" status="PASS">
          <reporter-output>
          </reporter-output>
        </test-method> <!-- testLeaveRequestsToApprove -->
        <test-method is-config="true" signature="tearDownMethod(org.testng.ITestResult)[pri:0, instance:oranghrm_tests.DashboardTest@77847718]" started-at="2023-03-17T17:52:20 EDT" name="tearDownMethod" finished-at="2023-03-17T17:52:21 EDT" duration-ms="214" status="PASS">
          <params>
            <param index="0">
              <value>
                <![CDATA[[TestResult name=testLeaveRequestsToApprove status=SUCCESS method=DashboardTest.testLeaveRequestsToApprove()[pri:0, instance:oranghrm_tests.DashboardTest@77847718] output={null}]]]>
              </value>
            </param>
          </params>
          <reporter-output>
          </reporter-output>
        </test-method> <!-- tearDownMethod -->
        <test-method is-config="true" signature="setUpMethod()[pri:0, instance:oranghrm_tests.DashboardTest@77847718]" started-at="2023-03-17T17:52:21 EDT" name="setUpMethod" finished-at="2023-03-17T17:52:23 EDT" duration-ms="2315" status="PASS">
          <reporter-output>
          </reporter-output>
        </test-method> <!-- setUpMethod -->
        <test-method signature="testWeAreOnDashboard()[pri:0, instance:oranghrm_tests.DashboardTest@77847718]" started-at="2023-03-17T17:52:23 EDT" name="testWeAreOnDashboard" finished-at="2023-03-17T17:52:24 EDT" duration-ms="1622" status="FAIL">
          <exception class="java.lang.AssertionError">
            <message>
              <![CDATA[
Expected: Dashboar
Actual: Dashboard
 expected [Dashboar] but found [Dashboard]]]>
            </message>
            <full-stacktrace>
              <![CDATA[java.lang.AssertionError: 
Expected: Dashboar
Actual: Dashboard
 expected [Dashboar] but found [Dashboard]
at org.testng.Assert.fail(Assert.java:110)
at org.testng.Assert.failNotEquals(Assert.java:1577)
at org.testng.Assert.assertEqualsImpl(Assert.java:149)
at org.testng.Assert.assertEquals(Assert.java:131)
at org.testng.Assert.assertEquals(Assert.java:655)
at utils.VerificationUtils.verifyEquals(VerificationUtils.java:20)
at oranghrm_tests.DashboardTest.testWeAreOnDashboard(DashboardTest.java:26)
at java.base/jdk.internal.reflect.NativeMethodAccessorImpl.invoke0(Native Method)
at java.base/jdk.internal.reflect.NativeMethodAccessorImpl.invoke(NativeMethodAccessorImpl.java:77)
at java.base/jdk.internal.reflect.DelegatingMethodAccessorImpl.invoke(DelegatingMethodAccessorImpl.java:43)
at java.base/java.lang.reflect.Method.invoke(Method.java:568)
at org.testng.internal.invokers.MethodInvocationHelper.invokeMethod(MethodInvocationHelper.java:139)
at org.testng.internal.invokers.TestInvoker.invokeMethod(TestInvoker.java:677)
at org.testng.internal.invokers.TestInvoker.invokeTestMethod(TestInvoker.java:221)
at org.testng.internal.invokers.MethodRunner.runInSequence(MethodRunner.java:50)
at org.testng.internal.invokers.TestInvoker$MethodInvocationAgent.invoke(TestInvoker.java:969)
at org.testng.internal.invokers.TestInvoker.invokeTestMethods(TestInvoker.java:194)
at org.testng.internal.invokers.TestMethodWorker.invokeTestMethods(TestMethodWorker.java:148)
at org.testng.internal.invokers.TestMethodWorker.run(TestMethodWorker.java:128)
at java.base/java.util.ArrayList.forEach(ArrayList.java:1511)
at org.testng.TestRunner.privateRun(TestRunner.java:829)
at org.testng.TestRunner.run(TestRunner.java:602)
at org.testng.SuiteRunner.runTest(SuiteRunner.java:437)
at org.testng.SuiteRunner.runSequentially(SuiteRunner.java:431)
at org.testng.SuiteRunner.privateRun(SuiteRunner.java:391)
at org.testng.SuiteRunner.run(SuiteRunner.java:330)
at org.testng.SuiteRunnerWorker.runSuite(SuiteRunnerWorker.java:52)
at org.testng.SuiteRunnerWorker.run(SuiteRunnerWorker.java:95)
at org.testng.TestNG.runSuitesSequentially(TestNG.java:1256)
at org.testng.TestNG.runSuitesLocally(TestNG.java:1176)
at org.testng.TestNG.runSuites(TestNG.java:1099)
at org.testng.TestNG.run(TestNG.java:1067)
at org.testng.remote.AbstractRemoteTestNG.run(AbstractRemoteTestNG.java:115)
at org.testng.remote.RemoteTestNG.initAndRun(RemoteTestNG.java:251)
at org.testng.remote.RemoteTestNG.main(RemoteTestNG.java:77)
]]>
            </full-stacktrace>
          </exception> <!-- java.lang.AssertionError -->
          <reporter-output>
          </reporter-output>
        </test-method> <!-- testWeAreOnDashboard -->
        <test-method is-config="true" signature="tearDownMethod(org.testng.ITestResult)[pri:0, instance:oranghrm_tests.DashboardTest@77847718]" started-at="2023-03-17T17:52:24 EDT" name="tearDownMethod" finished-at="2023-03-17T17:52:27 EDT" duration-ms="2542" status="PASS">
          <params>
            <param index="0">
              <value>
                <![CDATA[[TestResult name=testWeAreOnDashboard status=FAILURE method=DashboardTest.testWeAreOnDashboard()[pri:0, instance:oranghrm_tests.DashboardTest@77847718] output={null}]]]>
              </value>
            </param>
          </params>
          <reporter-output>
          </reporter-output>
        </test-method> <!-- tearDownMethod -->
      </class> <!-- oranghrm_tests.DashboardTest -->
      <class name="oranghrm_tests.LoginTest">
        <test-method is-config="true" signature="setUpSuite()[pri:0, instance:oranghrm_tests.LoginTest@36902638]" started-at="2023-03-17T17:52:06 EDT" name="setUpSuite" finished-at="2023-03-17T17:52:06 EDT" duration-ms="168" status="PASS">
          <reporter-output>
          </reporter-output>
        </test-method> <!-- setUpSuite -->
        <test-method is-config="true" signature="setUpMethod()[pri:0, instance:oranghrm_tests.LoginTest@36902638]" started-at="2023-03-17T17:52:06 EDT" name="setUpMethod" finished-at="2023-03-17T17:52:09 EDT" duration-ms="2914" status="PASS">
          <reporter-output>
          </reporter-output>
        </test-method> <!-- setUpMethod -->
        <test-method signature="testLoginWithInvalidCredentials()[pri:0, instance:oranghrm_tests.LoginTest@36902638]" started-at="2023-03-17T17:52:09 EDT" name="testLoginWithInvalidCredentials" finished-at="2023-03-17T17:52:11 EDT" duration-ms="1345" status="PASS">
          <reporter-output>
          </reporter-output>
        </test-method> <!-- testLoginWithInvalidCredentials -->
        <test-method is-config="true" signature="tearDownMethod(org.testng.ITestResult)[pri:0, instance:oranghrm_tests.LoginTest@36902638]" started-at="2023-03-17T17:52:11 EDT" name="tearDownMethod" finished-at="2023-03-17T17:52:11 EDT" duration-ms="158" status="PASS">
          <params>
            <param index="0">
              <value>
                <![CDATA[[TestResult name=testLoginWithInvalidCredentials status=SUCCESS method=LoginTest.testLoginWithInvalidCredentials()[pri:0, instance:oranghrm_tests.LoginTest@36902638] output={null}]]]>
              </value>
            </param>
          </params>
          <reporter-output>
          </reporter-output>
        </test-method> <!-- tearDownMethod -->
        <test-method is-config="true" signature="setUpMethod()[pri:0, instance:oranghrm_tests.LoginTest@36902638]" started-at="2023-03-17T17:52:11 EDT" name="setUpMethod" finished-at="2023-03-17T17:52:13 EDT" duration-ms="2453" status="PASS">
          <reporter-output>
          </reporter-output>
        </test-method> <!-- setUpMethod -->
        <test-method signature="testLoginWithValidCredentials()[pri:0, instance:oranghrm_tests.LoginTest@36902638]" started-at="2023-03-17T17:52:13 EDT" name="testLoginWithValidCredentials" finished-at="2023-03-17T17:52:15 EDT" duration-ms="1394" status="PASS">
          <reporter-output>
          </reporter-output>
        </test-method> <!-- testLoginWithValidCredentials -->
        <test-method is-config="true" signature="tearDownMethod(org.testng.ITestResult)[pri:0, instance:oranghrm_tests.LoginTest@36902638]" started-at="2023-03-17T17:52:15 EDT" name="tearDownMethod" finished-at="2023-03-17T17:52:15 EDT" duration-ms="155" status="PASS">
          <params>
            <param index="0">
              <value>
                <![CDATA[[TestResult name=testLoginWithValidCredentials status=SUCCESS method=LoginTest.testLoginWithValidCredentials()[pri:0, instance:oranghrm_tests.LoginTest@36902638] output={null}]]]>
              </value>
            </param>
          </params>
          <reporter-output>
          </reporter-output>
        </test-method> <!-- tearDownMethod -->
        <test-method is-config="true" signature="tearDownSuite()[pri:0, instance:oranghrm_tests.LoginTest@36902638]" started-at="2023-03-17T17:52:27 EDT" name="tearDownSuite" finished-at="2023-03-17T17:52:27 EDT" duration-ms="233" status="PASS">
          <reporter-output>
          </reporter-output>
        </test-method> <!-- tearDownSuite -->
      </class> <!-- oranghrm_tests.LoginTest -->
    </test> <!-- OrangeHRM Tests 1 -->
  </suite> <!-- OrangeHRM Suite -->
</testng-results>
