<?xml version="1.0" encoding="UTF-8"?>
<!-- Generated by org.testng.reporters.JUnitXMLReporter -->
<testsuite ignored="0" hostname="LAPTOP-4S7TU50V" failures="0" tests="10" name="Test Parallel 1" time="0.044" errors="0" timestamp="2023-03-16T17:16:14 EDT">
  <testcase classname="testng_parallel_execution.Test1" name="methodA" time="0.006"/>
  <testcase classname="testng_parallel_execution.Test2" name="methodD" time="0.006"/>
  <testcase classname="testng_parallel_execution.Test1" name="methodB" time="0.001"/>
  <testcase classname="testng_parallel_execution.Test2" name="methodE" time="0.001"/>
  <testcase classname="testng_parallel_execution.Test1" name="methodC" time="0.001"/>
  <testcase classname="testng_parallel_execution.Test2" name="methodF" time="0.0"/>
  <testcase classname="testng_parallel_execution.Test3" name="methodG" time="0.001"/>
  <testcase classname="testng_parallel_execution.Test3" name="methodH" time="0.001"/>
  <testcase classname="testng_parallel_execution.Test3" name="methodI" time="0.001"/>
  <testcase classname="testng_parallel_execution.Test3" name="methodJ" time="0.001"/>
</testsuite> <!-- Test Parallel 1 -->
