<?xml version="1.0" encoding="UTF-8"?>
<!-- Generated by org.testng.reporters.JUnitXMLReporter -->
<testsuite ignored="0" hostname="LAPTOP-4S7TU50V" failures="0" tests="4" name="Test Parallel 3" time="0.041" errors="0" timestamp="2023-03-16T16:53:38 EDT">
  <testcase classname="testng_parallel_execution.Test3" name="methodG" time="0.005"/>
  <testcase classname="testng_parallel_execution.Test3" name="methodH" time="0.001"/>
  <testcase classname="testng_parallel_execution.Test3" name="methodI" time="0.001"/>
  <testcase classname="testng_parallel_execution.Test3" name="methodJ" time="0.001"/>
</testsuite> <!-- Test Parallel 3 -->
