<?xml version="1.0" encoding="UTF-8"?>
<!-- Generated by org.testng.reporters.JUnitXMLReporter -->
<testsuite ignored="0" hostname="LAPTOP-4S7TU50V" failures="0" tests="7" name="Test Parallel 2" time="0.06" errors="0" timestamp="2023-03-16T16:54:44 EDT">
  <testcase classname="testng_parallel_execution.Test2" name="methodD" time="0.011"/>
  <testcase classname="testng_parallel_execution.Test2" name="methodE" time="0.002"/>
  <testcase classname="testng_parallel_execution.Test2" name="methodF" time="0.001"/>
  <testcase classname="testng_parallel_execution.Test3" name="methodG" time="0.001"/>
  <testcase classname="testng_parallel_execution.Test3" name="methodH" time="0.001"/>
  <testcase classname="testng_parallel_execution.Test3" name="methodI" time="0.001"/>
  <testcase classname="testng_parallel_execution.Test3" name="methodJ" time="0.001"/>
</testsuite> <!-- Test Parallel 2 -->
